#
# There is insufficient memory for the Java Runtime Environment to continue.
# Native memory allocation (malloc) failed to allocate 46816 bytes for Chunk::new
# Possible reasons:
#   The system is out of physical RAM or swap space
#   The process is running with CompressedOops enabled, and the Java Heap may be blocking the growth of the native heap
# Possible solutions:
#   Reduce memory load on the system
#   Increase physical memory or swap space
#   Check if swap backing store is full
#   Decrease Java heap size (-Xmx/-Xms)
#   Decrease number of Java threads
#   Decrease Java thread stack sizes (-Xss)
#   Set larger code cache with -XX:ReservedCodeCacheSize=
#   JVM is running with Zero Based Compressed Oops mode in which the Java heap is
#     placed in the first 32GB address space. The Java Heap base address is the
#     maximum limit for the native heap growth. Please use -XX:HeapBaseMinAddress
#     to set the Java Heap base and to place the Java Heap above 32GB virtual address.
# This output file may be truncated or incomplete.
#
#  Out of Memory Error (arena.cpp:168), pid=18844, tid=3096
#
# JRE version: OpenJDK Runtime Environment (21.0.1+12) (build 21.0.1+12-29)
# Java VM: OpenJDK 64-Bit Server VM (21.0.1+12-29, mixed mode, tiered, compressed oops, compressed class ptrs, g1 gc, windows-amd64)
# No core dump will be written. Minidumps are not enabled by default on client versions of Windows
#

---------------  S U M M A R Y ------------

Command Line: org.jetbrains.kotlin.cli.jvm.K2JVMCompiler @C:\Users\egore\Documents\GitHub\KPO\BehavioralPatterns\Memento\build\20240321_6609657180048792212.compiler.options

Host: AMD Ryzen 7 5800H with Radeon Graphics         , 16 cores, 15G,  Windows 11 , 64 bit Build 22621 (10.0.22621.3235)
Time: Thu Mar 21 17:02:00 2024 RTZ 2 (s 11 , 64 bit Build 22621 (10.0.22621.3235) elapsed time: 0.116067 seconds (0d 0h 0m 0s)

---------------  T H R E A D  ---------------

Current thread (0x000001e23f0b8d40):  JavaThread "C2 CompilerThread1" daemon [_thread_in_native, id=3096, stack(0x000000d4dd000000,0x000000d4dd100000) (1024K)]


Current CompileTask:
C2:    116  113       4       jdk.internal.util.ArraysSupport::vectorizedHashCode (158 bytes)

Stack: [0x000000d4dd000000,0x000000d4dd100000]
Native frames: (J=compiled Java code, j=interpreted, Vv=VM code, C=native code)
V  [jvm.dll+0x6c9029]
V  [jvm.dll+0x854b81]
V  [jvm.dll+0x856e5e]
V  [jvm.dll+0x857543]
V  [jvm.dll+0x280c06]
V  [jvm.dll+0xc3ead]
V  [jvm.dll+0xc43c3]
V  [jvm.dll+0x2f3f3f]
V  [jvm.dll+0x5f40a6]
V  [jvm.dll+0x252bef]
V  [jvm.dll+0x252fbf]
V  [jvm.dll+0x24b734]
V  [jvm.dll+0x248fa3]
V  [jvm.dll+0x1c9ca1]
V  [jvm.dll+0x2586b9]
V  [jvm.dll+0x256c9a]
V  [jvm.dll+0x3ef1b6]
V  [jvm.dll+0x7fd728]
V  [jvm.dll+0x6c777d]
C  [ucrtbase.dll+0x29363]
C  [KERNEL32.DLL+0x1257d]
C  [ntdll.dll+0x5aa58]


---------------  P R O C E S S  ---------------

Threads class SMR info:
_java_thread_list=0x000001e23f2ebeb0, length=15, elements={
0x000001e2192b4b20, 0x000001e23f0544b0, 0x000001e23f095700, 0x000001e23f0883c0,
0x000001e23f088e20, 0x000001e23f089880, 0x000001e23f08aa20, 0x000001e23f0850e0,
0x000001e23f0b7fa0, 0x000001e23f0ba1b0, 0x000001e23f0b9ae0, 0x000001e23f24d0e0,
0x000001e23f258570, 0x000001e23f0b8d40, 0x000001e23f0b8670
}

Java Threads: ( => current thread )
  0x000001e2192b4b20 JavaThread "main"                              [_thread_in_vm, id=6228, stack(0x000000d4dbc00000,0x000000d4dbd00000) (1024K)]
  0x000001e23f0544b0 JavaThread "Reference Handler"          daemon [_thread_blocked, id=13012, stack(0x000000d4dc400000,0x000000d4dc500000) (1024K)]
  0x000001e23f095700 JavaThread "Finalizer"                  daemon [_thread_blocked, id=19160, stack(0x000000d4dc500000,0x000000d4dc600000) (1024K)]
  0x000001e23f0883c0 JavaThread "Signal Dispatcher"          daemon [_thread_blocked, id=15976, stack(0x000000d4dc600000,0x000000d4dc700000) (1024K)]
  0x000001e23f088e20 JavaThread "Attach Listener"            daemon [_thread_blocked, id=7148, stack(0x000000d4dc700000,0x000000d4dc800000) (1024K)]
  0x000001e23f089880 JavaThread "Service Thread"             daemon [_thread_blocked, id=16388, stack(0x000000d4dc800000,0x000000d4dc900000) (1024K)]
  0x000001e23f08aa20 JavaThread "Monitor Deflation Thread"   daemon [_thread_blocked, id=18016, stack(0x000000d4dc900000,0x000000d4dca00000) (1024K)]
  0x000001e23f0850e0 JavaThread "C2 CompilerThread0"         daemon [_thread_blocked, id=8728, stack(0x000000d4dca00000,0x000000d4dcb00000) (1024K)]
  0x000001e23f0b7fa0 JavaThread "C1 CompilerThread0"         daemon [_thread_blocked, id=12668, stack(0x000000d4dcb00000,0x000000d4dcc00000) (1024K)]
  0x000001e23f0ba1b0 JavaThread "C1 CompilerThread1"         daemon [_thread_blocked, id=19628, stack(0x000000d4dcc00000,0x000000d4dcd00000) (1024K)]
  0x000001e23f0b9ae0 JavaThread "C1 CompilerThread2"         daemon [_thread_blocked, id=6268, stack(0x000000d4dcd00000,0x000000d4dce00000) (1024K)]
  0x000001e23f24d0e0 JavaThread "Notification Thread"        daemon [_thread_blocked, id=5320, stack(0x000000d4dce00000,0x000000d4dcf00000) (1024K)]
  0x000001e23f258570 JavaThread "Common-Cleaner"             daemon [_thread_blocked, id=11524, stack(0x000000d4dcf00000,0x000000d4dd000000) (1024K)]
=>0x000001e23f0b8d40 JavaThread "C2 CompilerThread1"         daemon [_thread_in_native, id=3096, stack(0x000000d4dd000000,0x000000d4dd100000) (1024K)]
  0x000001e23f0b8670 JavaThread "C2 CompilerThread2"         daemon [_thread_in_native, id=4040, stack(0x000000d4dd100000,0x000000d4dd200000) (1024K)]
Total: 15

Other Threads:
  0x000001e23ae1eaa0 VMThread "VM Thread"                           [id=15492, stack(0x000000d4dc300000,0x000000d4dc400000) (1024K)]
  0x000001e23adaa200 WatcherThread "VM Periodic Task Thread"        [id=3300, stack(0x000000d4dc200000,0x000000d4dc300000) (1024K)]
  0x000001e21b5108a0 WorkerThread "GC Thread#0"                     [id=11440, stack(0x000000d4dbd00000,0x000000d4dbe00000) (1024K)]
  0x000001e21b520ef0 ConcurrentGCThread "G1 Main Marker"            [id=4448, stack(0x000000d4dbe00000,0x000000d4dbf00000) (1024K)]
  0x000001e21b5228a0 WorkerThread "G1 Conc#0"                       [id=4172, stack(0x000000d4dbf00000,0x000000d4dc000000) (1024K)]
  0x000001e21b56e8e0 ConcurrentGCThread "G1 Refine#0"               [id=14768, stack(0x000000d4dc000000,0x000000d4dc100000) (1024K)]
  0x000001e23ac7ad90 ConcurrentGCThread "G1 Service"                [id=9184, stack(0x000000d4dc100000,0x000000d4dc200000) (1024K)]
Total: 7

Threads with active compile tasks:
C2 CompilerThread1      125  113       4       jdk.internal.util.ArraysSupport::vectorizedHashCode (158 bytes)
C2 CompilerThread2      125  114   !   4       java.util.zip.ZipFile$Source::checkAndAddEntry (295 bytes)
Total: 2

VM state: not at safepoint (normal execution)

VM Mutex/Monitor currently owned by a thread: None

Heap address: 0x000000070a400000, size: 3932 MB, Compressed Oops mode: Zero based, Oop shift amount: 3

CDS archive(s) not mapped
Compressed class space mapped at: 0x0000000800000000-0x0000000840000000, reserved size: 1073741824
Narrow klass base: 0x0000000800000000, Narrow klass shift: 0, Narrow klass range: 0x40000000

GC Precious Log:
 CardTable entry size: 512
 Card Set container configuration: InlinePtr #cards 4 size 8 Array Of Cards #cards 16 size 48 Howl #buckets 8 coarsen threshold 3686 Howl Bitmap #cards 512 size 80 coarsen threshold 460 Card regions per heap region 1 cards per card region 4096
 CPUs: 16 total, 16 available
 Memory: 15724M
 Large Page Support: Disabled
 NUMA Support: Disabled
 Compressed Oops: Enabled (Zero based)
 Heap Region Size: 2M
 Heap Min Capacity: 8M
 Heap Initial Capacity: 246M
 Heap Max Capacity: 3932M
 Pre-touch: Disabled
 Parallel Workers: 13
 Concurrent Workers: 3
 Concurrent Refinement Workers: 13
 Periodic GC: Disabled

Heap:
 garbage-first heap   total 251904K, used 6144K [0x000000070a400000, 0x0000000800000000)
  region size 2048K, 2 young (4096K), 0 survivors (0K)
 Metaspace       used 5082K, committed 5184K, reserved 1114112K
  class space    used 406K, committed 448K, reserved 1048576K

Heap Regions: E=young(eden), S=young(survivor), O=old, HS=humongous(starts), HC=humongous(continues), CS=collection set, F=free, TAMS=top-at-mark-start, PB=parsable bottom
|   0|0x000000070a400000, 0x000000070a600000, 0x000000070a600000|100%|HS|  |TAMS 0x000000070a400000| PB 0x000000070a400000| Complete 
|   1|0x000000070a600000, 0x000000070a800000, 0x000000070a800000|100%|HC|  |TAMS 0x000000070a600000| PB 0x000000070a600000| Complete 
|   2|0x000000070a800000, 0x000000070a800000, 0x000000070aa00000|  0%| F|  |TAMS 0x000000070a800000| PB 0x000000070a800000| Untracked 
|   3|0x000000070aa00000, 0x000000070aa00000, 0x000000070ac00000|  0%| F|  |TAMS 0x000000070aa00000| PB 0x000000070aa00000| Untracked 
|   4|0x000000070ac00000, 0x000000070ac00000, 0x000000070ae00000|  0%| F|  |TAMS 0x000000070ac00000| PB 0x000000070ac00000| Untracked 
|   5|0x000000070ae00000, 0x000000070ae00000, 0x000000070b000000|  0%| F|  |TAMS 0x000000070ae00000| PB 0x000000070ae00000| Untracked 
|   6|0x000000070b000000, 0x000000070b000000, 0x000000070b200000|  0%| F|  |TAMS 0x000000070b000000| PB 0x000000070b000000| Untracked 
|   7|0x000000070b200000, 0x000000070b200000, 0x000000070b400000|  0%| F|  |TAMS 0x000000070b200000| PB 0x000000070b200000| Untracked 
|   8|0x000000070b400000, 0x000000070b400000, 0x000000070b600000|  0%| F|  |TAMS 0x000000070b400000| PB 0x000000070b400000| Untracked 
|   9|0x000000070b600000, 0x000000070b600000, 0x000000070b800000|  0%| F|  |TAMS 0x000000070b600000| PB 0x000000070b600000| Untracked 
|  10|0x000000070b800000, 0x000000070b800000, 0x000000070ba00000|  0%| F|  |TAMS 0x000000070b800000| PB 0x000000070b800000| Untracked 
|  11|0x000000070ba00000, 0x000000070ba00000, 0x000000070bc00000|  0%| F|  |TAMS 0x000000070ba00000| PB 0x000000070ba00000| Untracked 
|  12|0x000000070bc00000, 0x000000070bc00000, 0x000000070be00000|  0%| F|  |TAMS 0x000000070bc00000| PB 0x000000070bc00000| Untracked 
|  13|0x000000070be00000, 0x000000070be00000, 0x000000070c000000|  0%| F|  |TAMS 0x000000070be00000| PB 0x000000070be00000| Untracked 
|  14|0x000000070c000000, 0x000000070c000000, 0x000000070c200000|  0%| F|  |TAMS 0x000000070c000000| PB 0x000000070c000000| Untracked 
|  15|0x000000070c200000, 0x000000070c200000, 0x000000070c400000|  0%| F|  |TAMS 0x000000070c200000| PB 0x000000070c200000| Untracked 
|  16|0x000000070c400000, 0x000000070c400000, 0x000000070c600000|  0%| F|  |TAMS 0x000000070c400000| PB 0x000000070c400000| Untracked 
|  17|0x000000070c600000, 0x000000070c600000, 0x000000070c800000|  0%| F|  |TAMS 0x000000070c600000| PB 0x000000070c600000| Untracked 
|  18|0x000000070c800000, 0x000000070c800000, 0x000000070ca00000|  0%| F|  |TAMS 0x000000070c800000| PB 0x000000070c800000| Untracked 
|  19|0x000000070ca00000, 0x000000070ca00000, 0x000000070cc00000|  0%| F|  |TAMS 0x000000070ca00000| PB 0x000000070ca00000| Untracked 
|  20|0x000000070cc00000, 0x000000070cc00000, 0x000000070ce00000|  0%| F|  |TAMS 0x000000070cc00000| PB 0x000000070cc00000| Untracked 
|  21|0x000000070ce00000, 0x000000070ce00000, 0x000000070d000000|  0%| F|  |TAMS 0x000000070ce00000| PB 0x000000070ce00000| Untracked 
|  22|0x000000070d000000, 0x000000070d000000, 0x000000070d200000|  0%| F|  |TAMS 0x000000070d000000| PB 0x000000070d000000| Untracked 
|  23|0x000000070d200000, 0x000000070d200000, 0x000000070d400000|  0%| F|  |TAMS 0x000000070d200000| PB 0x000000070d200000| Untracked 
|  24|0x000000070d400000, 0x000000070d400000, 0x000000070d600000|  0%| F|  |TAMS 0x000000070d400000| PB 0x000000070d400000| Untracked 
|  25|0x000000070d600000, 0x000000070d600000, 0x000000070d800000|  0%| F|  |TAMS 0x000000070d600000| PB 0x000000070d600000| Untracked 
|  26|0x000000070d800000, 0x000000070d800000, 0x000000070da00000|  0%| F|  |TAMS 0x000000070d800000| PB 0x000000070d800000| Untracked 
|  27|0x000000070da00000, 0x000000070da00000, 0x000000070dc00000|  0%| F|  |TAMS 0x000000070da00000| PB 0x000000070da00000| Untracked 
|  28|0x000000070dc00000, 0x000000070dc00000, 0x000000070de00000|  0%| F|  |TAMS 0x000000070dc00000| PB 0x000000070dc00000| Untracked 
|  29|0x000000070de00000, 0x000000070de00000, 0x000000070e000000|  0%| F|  |TAMS 0x000000070de00000| PB 0x000000070de00000| Untracked 
|  30|0x000000070e000000, 0x000000070e000000, 0x000000070e200000|  0%| F|  |TAMS 0x000000070e000000| PB 0x000000070e000000| Untracked 
|  31|0x000000070e200000, 0x000000070e200000, 0x000000070e400000|  0%| F|  |TAMS 0x000000070e200000| PB 0x000000070e200000| Untracked 
|  32|0x000000070e400000, 0x000000070e400000, 0x000000070e600000|  0%| F|  |TAMS 0x000000070e400000| PB 0x000000070e400000| Untracked 
|  33|0x000000070e600000, 0x000000070e600000, 0x000000070e800000|  0%| F|  |TAMS 0x000000070e600000| PB 0x000000070e600000| Untracked 
|  34|0x000000070e800000, 0x000000070e800000, 0x000000070ea00000|  0%| F|  |TAMS 0x000000070e800000| PB 0x000000070e800000| Untracked 
|  35|0x000000070ea00000, 0x000000070ea00000, 0x000000070ec00000|  0%| F|  |TAMS 0x000000070ea00000| PB 0x000000070ea00000| Untracked 
|  36|0x000000070ec00000, 0x000000070ec00000, 0x000000070ee00000|  0%| F|  |TAMS 0x000000070ec00000| PB 0x000000070ec00000| Untracked 
|  37|0x000000070ee00000, 0x000000070ee00000, 0x000000070f000000|  0%| F|  |TAMS 0x000000070ee00000| PB 0x000000070ee00000| Untracked 
|  38|0x000000070f000000, 0x000000070f000000, 0x000000070f200000|  0%| F|  |TAMS 0x000000070f000000| PB 0x000000070f000000| Untracked 
|  39|0x000000070f200000, 0x000000070f200000, 0x000000070f400000|  0%| F|  |TAMS 0x000000070f200000| PB 0x000000070f200000| Untracked 
|  40|0x000000070f400000, 0x000000070f400000, 0x000000070f600000|  0%| F|  |TAMS 0x000000070f400000| PB 0x000000070f400000| Untracked 
|  41|0x000000070f600000, 0x000000070f600000, 0x000000070f800000|  0%| F|  |TAMS 0x000000070f600000| PB 0x000000070f600000| Untracked 
|  42|0x000000070f800000, 0x000000070f800000, 0x000000070fa00000|  0%| F|  |TAMS 0x000000070f800000| PB 0x000000070f800000| Untracked 
|  43|0x000000070fa00000, 0x000000070fa00000, 0x000000070fc00000|  0%| F|  |TAMS 0x000000070fa00000| PB 0x000000070fa00000| Untracked 
|  44|0x000000070fc00000, 0x000000070fc00000, 0x000000070fe00000|  0%| F|  |TAMS 0x000000070fc00000| PB 0x000000070fc00000| Untracked 
|  45|0x000000070fe00000, 0x000000070fe00000, 0x0000000710000000|  0%| F|  |TAMS 0x000000070fe00000| PB 0x000000070fe00000| Untracked 
|  46|0x0000000710000000, 0x0000000710000000, 0x0000000710200000|  0%| F|  |TAMS 0x0000000710000000| PB 0x0000000710000000| Untracked 
|  47|0x0000000710200000, 0x0000000710200000, 0x0000000710400000|  0%| F|  |TAMS 0x0000000710200000| PB 0x0000000710200000| Untracked 
|  48|0x0000000710400000, 0x0000000710400000, 0x0000000710600000|  0%| F|  |TAMS 0x0000000710400000| PB 0x0000000710400000| Untracked 
|  49|0x0000000710600000, 0x0000000710600000, 0x0000000710800000|  0%| F|  |TAMS 0x0000000710600000| PB 0x0000000710600000| Untracked 
|  50|0x0000000710800000, 0x0000000710800000, 0x0000000710a00000|  0%| F|  |TAMS 0x0000000710800000| PB 0x0000000710800000| Untracked 
|  51|0x0000000710a00000, 0x0000000710a00000, 0x0000000710c00000|  0%| F|  |TAMS 0x0000000710a00000| PB 0x0000000710a00000| Untracked 
|  52|0x0000000710c00000, 0x0000000710c00000, 0x0000000710e00000|  0%| F|  |TAMS 0x0000000710c00000| PB 0x0000000710c00000| Untracked 
|  53|0x0000000710e00000, 0x0000000710e00000, 0x0000000711000000|  0%| F|  |TAMS 0x0000000710e00000| PB 0x0000000710e00000| Untracked 
|  54|0x0000000711000000, 0x0000000711000000, 0x0000000711200000|  0%| F|  |TAMS 0x0000000711000000| PB 0x0000000711000000| Untracked 
|  55|0x0000000711200000, 0x0000000711200000, 0x0000000711400000|  0%| F|  |TAMS 0x0000000711200000| PB 0x0000000711200000| Untracked 
|  56|0x0000000711400000, 0x0000000711400000, 0x0000000711600000|  0%| F|  |TAMS 0x0000000711400000| PB 0x0000000711400000| Untracked 
|  57|0x0000000711600000, 0x0000000711600000, 0x0000000711800000|  0%| F|  |TAMS 0x0000000711600000| PB 0x0000000711600000| Untracked 
|  58|0x0000000711800000, 0x0000000711800000, 0x0000000711a00000|  0%| F|  |TAMS 0x0000000711800000| PB 0x0000000711800000| Untracked 
|  59|0x0000000711a00000, 0x0000000711a00000, 0x0000000711c00000|  0%| F|  |TAMS 0x0000000711a00000| PB 0x0000000711a00000| Untracked 
|  60|0x0000000711c00000, 0x0000000711c00000, 0x0000000711e00000|  0%| F|  |TAMS 0x0000000711c00000| PB 0x0000000711c00000| Untracked 
|  61|0x0000000711e00000, 0x0000000711e00000, 0x0000000712000000|  0%| F|  |TAMS 0x0000000711e00000| PB 0x0000000711e00000| Untracked 
|  62|0x0000000712000000, 0x0000000712000000, 0x0000000712200000|  0%| F|  |TAMS 0x0000000712000000| PB 0x0000000712000000| Untracked 
|  63|0x0000000712200000, 0x0000000712200000, 0x0000000712400000|  0%| F|  |TAMS 0x0000000712200000| PB 0x0000000712200000| Untracked 
|  64|0x0000000712400000, 0x0000000712400000, 0x0000000712600000|  0%| F|  |TAMS 0x0000000712400000| PB 0x0000000712400000| Untracked 
|  65|0x0000000712600000, 0x0000000712600000, 0x0000000712800000|  0%| F|  |TAMS 0x0000000712600000| PB 0x0000000712600000| Untracked 
|  66|0x0000000712800000, 0x0000000712800000, 0x0000000712a00000|  0%| F|  |TAMS 0x0000000712800000| PB 0x0000000712800000| Untracked 
|  67|0x0000000712a00000, 0x0000000712a00000, 0x0000000712c00000|  0%| F|  |TAMS 0x0000000712a00000| PB 0x0000000712a00000| Untracked 
|  68|0x0000000712c00000, 0x0000000712c00000, 0x0000000712e00000|  0%| F|  |TAMS 0x0000000712c00000| PB 0x0000000712c00000| Untracked 
|  69|0x0000000712e00000, 0x0000000712e00000, 0x0000000713000000|  0%| F|  |TAMS 0x0000000712e00000| PB 0x0000000712e00000| Untracked 
|  70|0x0000000713000000, 0x0000000713000000, 0x0000000713200000|  0%| F|  |TAMS 0x0000000713000000| PB 0x0000000713000000| Untracked 
|  71|0x0000000713200000, 0x0000000713200000, 0x0000000713400000|  0%| F|  |TAMS 0x0000000713200000| PB 0x0000000713200000| Untracked 
|  72|0x0000000713400000, 0x0000000713400000, 0x0000000713600000|  0%| F|  |TAMS 0x0000000713400000| PB 0x0000000713400000| Untracked 
|  73|0x0000000713600000, 0x0000000713600000, 0x0000000713800000|  0%| F|  |TAMS 0x0000000713600000| PB 0x0000000713600000| Untracked 
|  74|0x0000000713800000, 0x0000000713800000, 0x0000000713a00000|  0%| F|  |TAMS 0x0000000713800000| PB 0x0000000713800000| Untracked 
|  75|0x0000000713a00000, 0x0000000713a00000, 0x0000000713c00000|  0%| F|  |TAMS 0x0000000713a00000| PB 0x0000000713a00000| Untracked 
|  76|0x0000000713c00000, 0x0000000713c00000, 0x0000000713e00000|  0%| F|  |TAMS 0x0000000713c00000| PB 0x0000000713c00000| Untracked 
|  77|0x0000000713e00000, 0x0000000713e00000, 0x0000000714000000|  0%| F|  |TAMS 0x0000000713e00000| PB 0x0000000713e00000| Untracked 
|  78|0x0000000714000000, 0x0000000714000000, 0x0000000714200000|  0%| F|  |TAMS 0x0000000714000000| PB 0x0000000714000000| Untracked 
|  79|0x0000000714200000, 0x0000000714200000, 0x0000000714400000|  0%| F|  |TAMS 0x0000000714200000| PB 0x0000000714200000| Untracked 
|  80|0x0000000714400000, 0x0000000714400000, 0x0000000714600000|  0%| F|  |TAMS 0x0000000714400000| PB 0x0000000714400000| Untracked 
|  81|0x0000000714600000, 0x0000000714600000, 0x0000000714800000|  0%| F|  |TAMS 0x0000000714600000| PB 0x0000000714600000| Untracked 
|  82|0x0000000714800000, 0x0000000714800000, 0x0000000714a00000|  0%| F|  |TAMS 0x0000000714800000| PB 0x0000000714800000| Untracked 
|  83|0x0000000714a00000, 0x0000000714a00000, 0x0000000714c00000|  0%| F|  |TAMS 0x0000000714a00000| PB 0x0000000714a00000| Untracked 
|  84|0x0000000714c00000, 0x0000000714c00000, 0x0000000714e00000|  0%| F|  |TAMS 0x0000000714c00000| PB 0x0000000714c00000| Untracked 
|  85|0x0000000714e00000, 0x0000000714e00000, 0x0000000715000000|  0%| F|  |TAMS 0x0000000714e00000| PB 0x0000000714e00000| Untracked 
|  86|0x0000000715000000, 0x0000000715000000, 0x0000000715200000|  0%| F|  |TAMS 0x0000000715000000| PB 0x0000000715000000| Untracked 
|  87|0x0000000715200000, 0x0000000715200000, 0x0000000715400000|  0%| F|  |TAMS 0x0000000715200000| PB 0x0000000715200000| Untracked 
|  88|0x0000000715400000, 0x0000000715400000, 0x0000000715600000|  0%| F|  |TAMS 0x0000000715400000| PB 0x0000000715400000| Untracked 
|  89|0x0000000715600000, 0x0000000715600000, 0x0000000715800000|  0%| F|  |TAMS 0x0000000715600000| PB 0x0000000715600000| Untracked 
|  90|0x0000000715800000, 0x0000000715800000, 0x0000000715a00000|  0%| F|  |TAMS 0x0000000715800000| PB 0x0000000715800000| Untracked 
|  91|0x0000000715a00000, 0x0000000715a00000, 0x0000000715c00000|  0%| F|  |TAMS 0x0000000715a00000| PB 0x0000000715a00000| Untracked 
|  92|0x0000000715c00000, 0x0000000715c00000, 0x0000000715e00000|  0%| F|  |TAMS 0x0000000715c00000| PB 0x0000000715c00000| Untracked 
|  93|0x0000000715e00000, 0x0000000715e00000, 0x0000000716000000|  0%| F|  |TAMS 0x0000000715e00000| PB 0x0000000715e00000| Untracked 
|  94|0x0000000716000000, 0x0000000716000000, 0x0000000716200000|  0%| F|  |TAMS 0x0000000716000000| PB 0x0000000716000000| Untracked 
|  95|0x0000000716200000, 0x0000000716200000, 0x0000000716400000|  0%| F|  |TAMS 0x0000000716200000| PB 0x0000000716200000| Untracked 
|  96|0x0000000716400000, 0x0000000716400000, 0x0000000716600000|  0%| F|  |TAMS 0x0000000716400000| PB 0x0000000716400000| Untracked 
|  97|0x0000000716600000, 0x0000000716600000, 0x0000000716800000|  0%| F|  |TAMS 0x0000000716600000| PB 0x0000000716600000| Untracked 
|  98|0x0000000716800000, 0x0000000716800000, 0x0000000716a00000|  0%| F|  |TAMS 0x0000000716800000| PB 0x0000000716800000| Untracked 
|  99|0x0000000716a00000, 0x0000000716a00000, 0x0000000716c00000|  0%| F|  |TAMS 0x0000000716a00000| PB 0x0000000716a00000| Untracked 
| 100|0x0000000716c00000, 0x0000000716c00000, 0x0000000716e00000|  0%| F|  |TAMS 0x0000000716c00000| PB 0x0000000716c00000| Untracked 
| 101|0x0000000716e00000, 0x0000000716e00000, 0x0000000717000000|  0%| F|  |TAMS 0x0000000716e00000| PB 0x0000000716e00000| Untracked 
| 102|0x0000000717000000, 0x0000000717000000, 0x0000000717200000|  0%| F|  |TAMS 0x0000000717000000| PB 0x0000000717000000| Untracked 
| 103|0x0000000717200000, 0x0000000717200000, 0x0000000717400000|  0%| F|  |TAMS 0x0000000717200000| PB 0x0000000717200000| Untracked 
| 104|0x0000000717400000, 0x0000000717400000, 0x0000000717600000|  0%| F|  |TAMS 0x0000000717400000| PB 0x0000000717400000| Untracked 
| 105|0x0000000717600000, 0x0000000717600000, 0x0000000717800000|  0%| F|  |TAMS 0x0000000717600000| PB 0x0000000717600000| Untracked 
| 106|0x0000000717800000, 0x0000000717800000, 0x0000000717a00000|  0%| F|  |TAMS 0x0000000717800000| PB 0x0000000717800000| Untracked 
| 107|0x0000000717a00000, 0x0000000717a00000, 0x0000000717c00000|  0%| F|  |TAMS 0x0000000717a00000| PB 0x0000000717a00000| Untracked 
| 108|0x0000000717c00000, 0x0000000717c00000, 0x0000000717e00000|  0%| F|  |TAMS 0x0000000717c00000| PB 0x0000000717c00000| Untracked 
| 109|0x0000000717e00000, 0x0000000717e00000, 0x0000000718000000|  0%| F|  |TAMS 0x0000000717e00000| PB 0x0000000717e00000| Untracked 
| 110|0x0000000718000000, 0x0000000718000000, 0x0000000718200000|  0%| F|  |TAMS 0x0000000718000000| PB 0x0000000718000000| Untracked 
| 111|0x0000000718200000, 0x0000000718200000, 0x0000000718400000|  0%| F|  |TAMS 0x0000000718200000| PB 0x0000000718200000| Untracked 
| 112|0x0000000718400000, 0x0000000718400000, 0x0000000718600000|  0%| F|  |TAMS 0x0000000718400000| PB 0x0000000718400000| Untracked 
| 113|0x0000000718600000, 0x0000000718600000, 0x0000000718800000|  0%| F|  |TAMS 0x0000000718600000| PB 0x0000000718600000| Untracked 
| 114|0x0000000718800000, 0x0000000718800000, 0x0000000718a00000|  0%| F|  |TAMS 0x0000000718800000| PB 0x0000000718800000| Untracked 
| 115|0x0000000718a00000, 0x0000000718a00000, 0x0000000718c00000|  0%| F|  |TAMS 0x0000000718a00000| PB 0x0000000718a00000| Untracked 
| 116|0x0000000718c00000, 0x0000000718c00000, 0x0000000718e00000|  0%| F|  |TAMS 0x0000000718c00000| PB 0x0000000718c00000| Untracked 
| 117|0x0000000718e00000, 0x0000000718e00000, 0x0000000719000000|  0%| F|  |TAMS 0x0000000718e00000| PB 0x0000000718e00000| Untracked 
| 118|0x0000000719000000, 0x0000000719000000, 0x0000000719200000|  0%| F|  |TAMS 0x0000000719000000| PB 0x0000000719000000| Untracked 
| 119|0x0000000719200000, 0x0000000719200000, 0x0000000719400000|  0%| F|  |TAMS 0x0000000719200000| PB 0x0000000719200000| Untracked 
| 120|0x0000000719400000, 0x0000000719400000, 0x0000000719600000|  0%| F|  |TAMS 0x0000000719400000| PB 0x0000000719400000| Untracked 
| 121|0x0000000719600000, 0x00000007196c5ad8, 0x0000000719800000| 38%| E|  |TAMS 0x0000000719600000| PB 0x0000000719600000| Complete 
| 122|0x0000000719800000, 0x0000000719a00000, 0x0000000719a00000|100%| E|CS|TAMS 0x0000000719800000| PB 0x0000000719800000| Complete 

Card table byte_map: [0x000001e233930000,0x000001e2340e0000] _byte_map_base: 0x000001e2300de000

Marking Bits: (CMBitMap*) 0x000001e21b510ea0
 Bits: [0x000001e2340e0000, 0x000001e237e50000)

Polling page: 0x000001e219410000

Metaspace:

Usage:
  Non-class:      4.63 MB used.
      Class:    412.15 KB used.
       Both:      5.04 MB used.

Virtual space:
  Non-class space:       64.00 MB reserved,       4.69 MB (  7%) committed,  1 nodes.
      Class space:        1.00 GB reserved,     448.00 KB ( <1%) committed,  1 nodes.
             Both:        1.06 GB reserved,       5.12 MB ( <1%) committed. 

Chunk freelists:
   Non-Class:  11.00 MB
       Class:  15.56 MB
        Both:  26.56 MB

MaxMetaspaceSize: unlimited
CompressedClassSpaceSize: 1.00 GB
Initial GC threshold: 21.00 MB
Current GC threshold: 21.00 MB
CDS: off
 - commit_granule_bytes: 65536.
 - commit_granule_words: 8192.
 - virtual_space_node_default_size: 8388608.
 - enlarge_chunks_in_place: 1.
 - use_allocation_guard: 0.


Internal statistics:

num_allocs_failed_limit: 0.
num_arena_births: 2.
num_arena_deaths: 0.
num_vsnodes_births: 2.
num_vsnodes_deaths: 0.
num_space_committed: 82.
num_space_uncommitted: 0.
num_chunks_returned_to_freelist: 0.
num_chunks_taken_from_freelist: 6.
num_chunk_merges: 0.
num_chunk_splits: 3.
num_chunks_enlarged: 0.
num_inconsistent_stats: 0.

CodeHeap 'non-profiled nmethods': size=119168Kb used=26Kb max_used=26Kb free=119141Kb
 bounds [0x000001e22b490000, 0x000001e22b700000, 0x000001e2328f0000]
CodeHeap 'profiled nmethods': size=119104Kb used=155Kb max_used=155Kb free=118948Kb
 bounds [0x000001e2238f0000, 0x000001e223b60000, 0x000001e22ad40000]
CodeHeap 'non-nmethods': size=7488Kb used=2330Kb max_used=2333Kb free=5157Kb
 bounds [0x000001e22ad40000, 0x000001e22afb0000, 0x000001e22b490000]
 total_blobs=452 nmethods=117 adapters=238
 compilation: enabled
              stopped_count=0, restarted_count=0
 full_count=0

Compilation events (20 events):
Event: 0.111 Thread 0x000001e23f0ba1b0  111       3       java.util.zip.ZipFile$Source::nextEntryPos (22 bytes)
Event: 0.111 Thread 0x000001e23f0b9ae0 nmethod 110 0x000001e223911610 code [0x000001e2239117e0, 0x000001e223911cf0]
Event: 0.111 Thread 0x000001e23f0ba1b0 nmethod 111 0x000001e223911e90 code [0x000001e223912060, 0x000001e223912390]
Event: 0.111 Thread 0x000001e23f0b9ae0  105       3       java.util.zip.ZipUtils::CENFLG (9 bytes)
Event: 0.111 Thread 0x000001e23f0ba1b0  106       3       java.util.zip.ZipUtils::CENNAM (9 bytes)
Event: 0.111 Thread 0x000001e23f0ba1b0 nmethod 106 0x000001e223912590 code [0x000001e223912740, 0x000001e2239128f0]
Event: 0.111 Thread 0x000001e23f0b9ae0 nmethod 105 0x000001e223912a10 code [0x000001e223912bc0, 0x000001e223912d70]
Event: 0.111 Thread 0x000001e23f0ba1b0  107       3       java.util.zip.ZipFile$Source::zipCoderForPos (39 bytes)
Event: 0.111 Thread 0x000001e23f0850e0 nmethod 100 0x000001e22b494990 code [0x000001e22b494b20, 0x000001e22b494c00]
Event: 0.111 Thread 0x000001e23f0b9ae0  108       3       java.util.zip.ZipCoder$UTF8ZipCoder::checkedHash (79 bytes)
Event: 0.111 Thread 0x000001e23f0850e0  112 %     4       java.lang.StringCoding::countPositives @ 7 (33 bytes)
Event: 0.111 Thread 0x000001e23f0ba1b0 nmethod 107 0x000001e223912e90 code [0x000001e223913060, 0x000001e223913468]
Event: 0.111 Thread 0x000001e23f0ba1b0  109       3       java.lang.System$2::countPositives (7 bytes)
Event: 0.111 Thread 0x000001e23f0b9ae0 nmethod 108 0x000001e223913610 code [0x000001e223913820, 0x000001e223913c78]
Event: 0.112 Thread 0x000001e23f0ba1b0 nmethod 109 0x000001e223913e90 code [0x000001e223914040, 0x000001e2239142d0]
Event: 0.112 Thread 0x000001e23f0b7fa0 nmethod 102 0x000001e223914410 code [0x000001e223914800, 0x000001e2239160e0]
Event: 0.114 Thread 0x000001e23f0850e0 nmethod 112% 0x000001e22b494d10 code [0x000001e22b494ea0, 0x000001e22b495148]
Event: 0.114 Thread 0x000001e23f0850e0  119       4       java.lang.StringCoding::countPositives (33 bytes)
Event: 0.114 Thread 0x000001e23f0b8d40  113       4       jdk.internal.util.ArraysSupport::vectorizedHashCode (158 bytes)
Event: 0.114 Thread 0x000001e23f0b8670  114   !   4       java.util.zip.ZipFile$Source::checkAndAddEntry (295 bytes)

GC Heap History (0 events):
No events

Dll operation events (4 events):
Event: 0.004 Loaded shared library C:\Users\egore\.jdks\openjdk-21.0.1\bin\java.dll
Event: 0.061 Loaded shared library C:\Users\egore\.jdks\openjdk-21.0.1\bin\jsvml.dll
Event: 0.103 Loaded shared library C:\Users\egore\.jdks\openjdk-21.0.1\bin\net.dll
Event: 0.104 Loaded shared library C:\Users\egore\.jdks\openjdk-21.0.1\bin\nio.dll

Deoptimization events (20 events):
Event: 0.114 Thread 0x000001e2192b4b20 DEOPT PACKING pc=0x000001e22390fb67 sp=0x000000d4dbcfd7f0
Event: 0.114 Thread 0x000001e2192b4b20 DEOPT UNPACKING pc=0x000001e22ad94e42 sp=0x000000d4dbcfcc60 mode 0
Event: 0.114 Thread 0x000001e2192b4b20 DEOPT PACKING pc=0x000001e22390fb67 sp=0x000000d4dbcfd7f0
Event: 0.114 Thread 0x000001e2192b4b20 DEOPT UNPACKING pc=0x000001e22ad94e42 sp=0x000000d4dbcfcc60 mode 0
Event: 0.114 Thread 0x000001e2192b4b20 DEOPT PACKING pc=0x000001e22390fb67 sp=0x000000d4dbcfd7f0
Event: 0.114 Thread 0x000001e2192b4b20 DEOPT UNPACKING pc=0x000001e22ad94e42 sp=0x000000d4dbcfcc60 mode 0
Event: 0.114 Thread 0x000001e2192b4b20 DEOPT PACKING pc=0x000001e22390fb67 sp=0x000000d4dbcfd7f0
Event: 0.115 Thread 0x000001e2192b4b20 DEOPT UNPACKING pc=0x000001e22ad94e42 sp=0x000000d4dbcfcc60 mode 0
Event: 0.115 Thread 0x000001e2192b4b20 DEOPT PACKING pc=0x000001e22390fb67 sp=0x000000d4dbcfd7f0
Event: 0.115 Thread 0x000001e2192b4b20 DEOPT UNPACKING pc=0x000001e22ad94e42 sp=0x000000d4dbcfcc60 mode 0
Event: 0.115 Thread 0x000001e2192b4b20 DEOPT PACKING pc=0x000001e22390fb67 sp=0x000000d4dbcfd7f0
Event: 0.115 Thread 0x000001e2192b4b20 DEOPT UNPACKING pc=0x000001e22ad94e42 sp=0x000000d4dbcfcc60 mode 0
Event: 0.115 Thread 0x000001e2192b4b20 DEOPT PACKING pc=0x000001e22390fb67 sp=0x000000d4dbcfd7f0
Event: 0.115 Thread 0x000001e2192b4b20 DEOPT UNPACKING pc=0x000001e22ad94e42 sp=0x000000d4dbcfcc60 mode 0
Event: 0.115 Thread 0x000001e2192b4b20 DEOPT PACKING pc=0x000001e22390fb67 sp=0x000000d4dbcfd7f0
Event: 0.115 Thread 0x000001e2192b4b20 DEOPT UNPACKING pc=0x000001e22ad94e42 sp=0x000000d4dbcfcc60 mode 0
Event: 0.115 Thread 0x000001e2192b4b20 DEOPT PACKING pc=0x000001e22390fb67 sp=0x000000d4dbcfd7f0
Event: 0.115 Thread 0x000001e2192b4b20 DEOPT UNPACKING pc=0x000001e22ad94e42 sp=0x000000d4dbcfcc60 mode 0
Event: 0.115 Thread 0x000001e2192b4b20 DEOPT PACKING pc=0x000001e22390fb67 sp=0x000000d4dbcfd7f0
Event: 0.115 Thread 0x000001e2192b4b20 DEOPT UNPACKING pc=0x000001e22ad94e42 sp=0x000000d4dbcfcc60 mode 0

Classes loaded (20 events):
Event: 0.105 Loading class sun/nio/fs/WindowsNativeDispatcher$AclInformation
Event: 0.105 Loading class sun/nio/fs/WindowsNativeDispatcher$AclInformation done
Event: 0.105 Loading class sun/nio/fs/WindowsNativeDispatcher$CompletionStatus
Event: 0.105 Loading class sun/nio/fs/WindowsNativeDispatcher$CompletionStatus done
Event: 0.105 Loading class java/io/RandomAccessFile
Event: 0.106 Loading class java/io/DataOutput
Event: 0.106 Loading class java/io/DataOutput done
Event: 0.106 Loading class java/io/DataInput
Event: 0.106 Loading class java/io/DataInput done
Event: 0.106 Loading class java/io/RandomAccessFile done
Event: 0.106 Loading class java/io/RandomAccessFile$2
Event: 0.106 Loading class jdk/internal/access/JavaIORandomAccessFileAccess
Event: 0.106 Loading class jdk/internal/access/JavaIORandomAccessFileAccess done
Event: 0.106 Loading class java/io/RandomAccessFile$2 done
Event: 0.106 Loading class java/io/FileCleanable
Event: 0.106 Loading class java/io/FileCleanable done
Event: 0.106 Loading class java/util/zip/ZipFile$Source$End
Event: 0.106 Loading class java/util/zip/ZipFile$Source$End done
Event: 0.106 Loading class java/util/zip/ZipUtils
Event: 0.106 Loading class java/util/zip/ZipUtils done

Classes unloaded (0 events):
No events

Classes redefined (0 events):
No events

Internal exceptions (0 events):
No events

ZGC Phase Switch (0 events):
No events

VM Operations (0 events):
No events

Events (15 events):
Event: 0.010 Thread 0x000001e2192b4b20 Thread added: 0x000001e2192b4b20
Event: 0.059 Thread 0x000001e23f0544b0 Thread added: 0x000001e23f0544b0
Event: 0.059 Thread 0x000001e23f095700 Thread added: 0x000001e23f095700
Event: 0.060 Thread 0x000001e23f0883c0 Thread added: 0x000001e23f0883c0
Event: 0.060 Thread 0x000001e23f088e20 Thread added: 0x000001e23f088e20
Event: 0.060 Thread 0x000001e23f089880 Thread added: 0x000001e23f089880
Event: 0.060 Thread 0x000001e23f08aa20 Thread added: 0x000001e23f08aa20
Event: 0.060 Thread 0x000001e23f0850e0 Thread added: 0x000001e23f0850e0
Event: 0.060 Thread 0x000001e23f0b7fa0 Thread added: 0x000001e23f0b7fa0
Event: 0.088 Thread 0x000001e23f0ba1b0 Thread added: 0x000001e23f0ba1b0
Event: 0.088 Thread 0x000001e23f0b9ae0 Thread added: 0x000001e23f0b9ae0
Event: 0.090 Thread 0x000001e23f24d0e0 Thread added: 0x000001e23f24d0e0
Event: 0.096 Thread 0x000001e23f258570 Thread added: 0x000001e23f258570
Event: 0.114 Thread 0x000001e23f0b8d40 Thread added: 0x000001e23f0b8d40
Event: 0.114 Thread 0x000001e23f0b8670 Thread added: 0x000001e23f0b8670


Dynamic libraries:
0x00007ff6041b0000 - 0x00007ff6041be000 	C:\Users\egore\.jdks\openjdk-21.0.1\bin\java.exe
0x00007ffa5f3f0000 - 0x00007ffa5f606000 	C:\WINDOWS\SYSTEM32\ntdll.dll
0x00007ffa5d1c0000 - 0x00007ffa5d284000 	C:\WINDOWS\System32\KERNEL32.DLL
0x00007ffa5cac0000 - 0x00007ffa5ce66000 	C:\WINDOWS\System32\KERNELBASE.dll
0x00007ffa5c7e0000 - 0x00007ffa5c8f1000 	C:\WINDOWS\System32\ucrtbase.dll
0x00007ffa42bd0000 - 0x00007ffa42beb000 	C:\Users\egore\.jdks\openjdk-21.0.1\bin\VCRUNTIME140.dll
0x00007ffa42bb0000 - 0x00007ffa42bc8000 	C:\Users\egore\.jdks\openjdk-21.0.1\bin\jli.dll
0x00007ffa5d3f0000 - 0x00007ffa5d59d000 	C:\WINDOWS\System32\USER32.dll
0x00007ffa5c7b0000 - 0x00007ffa5c7d6000 	C:\WINDOWS\System32\win32u.dll
0x00007ffa43790000 - 0x00007ffa43a23000 	C:\WINDOWS\WinSxS\amd64_microsoft.windows.common-controls_6595b64144ccf1df_6.0.22621.3235_none_270f74e173860f98\COMCTL32.dll
0x00007ffa5e710000 - 0x00007ffa5e739000 	C:\WINDOWS\System32\GDI32.dll
0x00007ffa5e5e0000 - 0x00007ffa5e687000 	C:\WINDOWS\System32\msvcrt.dll
0x00007ffa5c900000 - 0x00007ffa5ca18000 	C:\WINDOWS\System32\gdi32full.dll
0x00007ffa5ca20000 - 0x00007ffa5caba000 	C:\WINDOWS\System32\msvcp_win.dll
0x00007ffa5d8c0000 - 0x00007ffa5d8f1000 	C:\WINDOWS\System32\IMM32.DLL
0x00007ffa575c0000 - 0x00007ffa575cc000 	C:\Users\egore\.jdks\openjdk-21.0.1\bin\vcruntime140_1.dll
0x00007ffa37c90000 - 0x00007ffa37d1e000 	C:\Users\egore\.jdks\openjdk-21.0.1\bin\msvcp140.dll
0x00007ffa0a0f0000 - 0x00007ffa0ae05000 	C:\Users\egore\.jdks\openjdk-21.0.1\bin\server\jvm.dll
0x00007ffa5e800000 - 0x00007ffa5e8b2000 	C:\WINDOWS\System32\ADVAPI32.dll
0x00007ffa5d5a0000 - 0x00007ffa5d648000 	C:\WINDOWS\System32\sechost.dll
0x00007ffa5d110000 - 0x00007ffa5d138000 	C:\WINDOWS\System32\bcrypt.dll
0x00007ffa5dd90000 - 0x00007ffa5dea5000 	C:\WINDOWS\System32\RPCRT4.dll
0x00007ffa5d900000 - 0x00007ffa5d971000 	C:\WINDOWS\System32\WS2_32.dll
0x00007ffa5c600000 - 0x00007ffa5c64d000 	C:\WINDOWS\SYSTEM32\POWRPROF.dll
0x00007ffa54010000 - 0x00007ffa54044000 	C:\WINDOWS\SYSTEM32\WINMM.dll
0x00007ffa53680000 - 0x00007ffa5368a000 	C:\WINDOWS\SYSTEM32\VERSION.dll
0x00007ffa5c5e0000 - 0x00007ffa5c5f3000 	C:\WINDOWS\SYSTEM32\UMPDC.dll
0x00007ffa5b770000 - 0x00007ffa5b788000 	C:\WINDOWS\SYSTEM32\kernel.appcore.dll
0x00007ffa4a670000 - 0x00007ffa4a67a000 	C:\Users\egore\.jdks\openjdk-21.0.1\bin\jimage.dll
0x00007ffa57750000 - 0x00007ffa57983000 	C:\WINDOWS\SYSTEM32\DBGHELP.DLL
0x00007ffa5da00000 - 0x00007ffa5dd88000 	C:\WINDOWS\System32\combase.dll
0x00007ffa5ea70000 - 0x00007ffa5eb47000 	C:\WINDOWS\System32\OLEAUT32.dll
0x00007ffa3a780000 - 0x00007ffa3a7b2000 	C:\WINDOWS\SYSTEM32\dbgcore.DLL
0x00007ffa5c730000 - 0x00007ffa5c7aa000 	C:\WINDOWS\System32\bcryptPrimitives.dll
0x00007ffa494f0000 - 0x00007ffa4950f000 	C:\Users\egore\.jdks\openjdk-21.0.1\bin\java.dll
0x00007ffa5eb50000 - 0x00007ffa5f3ad000 	C:\WINDOWS\System32\SHELL32.dll
0x00007ffa5a690000 - 0x00007ffa5af88000 	C:\WINDOWS\SYSTEM32\windows.storage.dll
0x00007ffa5a550000 - 0x00007ffa5a68e000 	C:\WINDOWS\SYSTEM32\wintypes.dll
0x00007ffa5d290000 - 0x00007ffa5d383000 	C:\WINDOWS\System32\SHCORE.dll
0x00007ffa5d980000 - 0x00007ffa5d9de000 	C:\WINDOWS\System32\shlwapi.dll
0x00007ffa5c660000 - 0x00007ffa5c686000 	C:\WINDOWS\SYSTEM32\profapi.dll
0x00007ffa1b3f0000 - 0x00007ffa1b4c7000 	C:\Users\egore\.jdks\openjdk-21.0.1\bin\jsvml.dll
0x00007ffa494e0000 - 0x00007ffa494f0000 	C:\Users\egore\.jdks\openjdk-21.0.1\bin\net.dll
0x00007ffa56760000 - 0x00007ffa56897000 	C:\WINDOWS\SYSTEM32\WINHTTP.dll
0x00007ffa5bbf0000 - 0x00007ffa5bc59000 	C:\WINDOWS\system32\mswsock.dll
0x00007ffa45d90000 - 0x00007ffa45da6000 	C:\Users\egore\.jdks\openjdk-21.0.1\bin\nio.dll
0x00007ffa46bb0000 - 0x00007ffa46bc8000 	C:\Users\egore\.jdks\openjdk-21.0.1\bin\zip.dll

dbghelp: loaded successfully - version: 4.0.5 - missing functions: none
symbol engine: initialized successfully - sym options: 0x614 - pdb path: .;C:\Users\egore\.jdks\openjdk-21.0.1\bin;C:\WINDOWS\SYSTEM32;C:\WINDOWS\WinSxS\amd64_microsoft.windows.common-controls_6595b64144ccf1df_6.0.22621.3235_none_270f74e173860f98;C:\Users\egore\.jdks\openjdk-21.0.1\bin\server

VM Arguments:
java_command: org.jetbrains.kotlin.cli.jvm.K2JVMCompiler @C:\Users\egore\Documents\GitHub\KPO\BehavioralPatterns\Memento\build\20240321_6609657180048792212.compiler.options
java_class_path (initial): C:\Users\egore\.gradle\caches\modules-2\files-2.1\org.jetbrains.kotlin\kotlin-compiler-embeddable\1.9.22\9cd4dc7773cf2a99ecd961a88fbbc9a2da3fb5e1\kotlin-compiler-embeddable-1.9.22.jar;C:\Users\egore\.gradle\caches\modules-2\files-2.1\org.jetbrains.kotlin\kotlin-stdlib\1.9.22\d6c44cd08d8f3f9bece8101216dbe6553365c6e3\kotlin-stdlib-1.9.22.jar;C:\Users\egore\.gradle\caches\modules-2\files-2.1\org.jetbrains.kotlin\kotlin-script-runtime\1.9.22\f8139a46fc677ec9badc49ae954392f4f5e7e7c7\kotlin-script-runtime-1.9.22.jar;C:\Users\egore\.gradle\caches\modules-2\files-2.1\org.jetbrains.kotlin\kotlin-reflect\1.6.10\1cbe9c92c12a94eea200d23c2bbaedaf3daf5132\kotlin-reflect-1.6.10.jar;C:\Users\egore\.gradle\caches\modules-2\files-2.1\org.jetbrains.kotlin\kotlin-daemon-embeddable\1.9.22\20e2c5df715f3240c765cfc222530e2796542021\kotlin-daemon-embeddable-1.9.22.jar;C:\Users\egore\.gradle\caches\modules-2\files-2.1\org.jetbrains.intellij.deps\trove4j\1.0.20200330\3afb14d5f9ceb459d724e907a21145e8ff394f02\trove4j-1.0.20200330.jar;C:\Users\egore\.gradle\caches\modules-2\files-2.1\org.jetbrains\annotations\13.0\919f0dfe192fb4e063e7dacadee7f8bb9a2672a9\annotations-13.0.jar
Launcher Type: SUN_STANDARD

[Global flags]
     intx CICompilerCount                          = 12                                        {product} {ergonomic}
     uint ConcGCThreads                            = 3                                         {product} {ergonomic}
     uint G1ConcRefinementThreads                  = 13                                        {product} {ergonomic}
   size_t G1HeapRegionSize                         = 2097152                                   {product} {ergonomic}
    uintx GCDrainStackTargetSize                   = 64                                        {product} {ergonomic}
   size_t InitialHeapSize                          = 257949696                                 {product} {ergonomic}
   size_t MarkStackSize                            = 4194304                                   {product} {ergonomic}
   size_t MaxHeapSize                              = 4123000832                                {product} {ergonomic}
   size_t MaxNewSize                               = 2472542208                                {product} {ergonomic}
   size_t MinHeapDeltaBytes                        = 2097152                                   {product} {ergonomic}
   size_t MinHeapSize                              = 8388608                                   {product} {ergonomic}
    uintx NonNMethodCodeHeapSize                   = 7602480                                {pd product} {ergonomic}
    uintx NonProfiledCodeHeapSize                  = 122027880                              {pd product} {ergonomic}
    uintx ProfiledCodeHeapSize                     = 122027880                              {pd product} {ergonomic}
    uintx ReservedCodeCacheSize                    = 251658240                              {pd product} {ergonomic}
     bool SegmentedCodeCache                       = true                                      {product} {ergonomic}
   size_t SoftMaxHeapSize                          = 4123000832                             {manageable} {ergonomic}
     bool UseCompressedOops                        = true                           {product lp64_product} {ergonomic}
     bool UseG1GC                                  = true                                      {product} {ergonomic}
     bool UseLargePagesIndividualAllocation        = false                                  {pd product} {ergonomic}

Logging:
Log output configuration:
 #0: stdout all=warning uptime,level,tags foldmultilines=false
 #1: stderr all=off uptime,level,tags foldmultilines=false

Environment Variables:
PATH=C:\Program Files\Microsoft\jdk-11.0.12.7-hotspot\bin;C:\ProgramData\Oracle\Java\javapath;C:\Windows\System32\HWAudioDriverLibs;C:\Windows\system32;C:\Windows;C:\Windows\System32\Wbem;C:\Windows\System32\WindowsPowerShell\v1.0\;C:\Windows\System32\OpenSSH\;C:\Users\Administrator\AppData\Local\Microsoft\WindowsApps;C:\Program Files\dotnet\;C:\WINDOWS\system32;C:\WINDOWS;C:\WINDOWS\System32\Wbem;C:\WINDOWS\System32\WindowsPowerShell\v1.0\;C:\WINDOWS\System32\OpenSSH\;C:\Program Files\Git\cmd;C:\Users\egore\AppData\Local\Programs\Python\Python310\Scripts\;C:\Users\egore\AppData\Local\Programs\Python\Python310\;C:\Users\egore\AppData\Local\Microsoft\WindowsApps;C:\Users\egore\.dotnet\tools;C:\Program Files\JetBrains\CLion 2023.3.3\bin;;D:\MiKTeX\miktex\bin\x64\;C:\Users\egore\AppData\Local\GitHubDesktop\bin;D:\JetBrains\IntelliJ IDEA 2023.2.5\IntelliJ IDEA 2023.3.2\bin;;C:\Program Files\JetBrains\DataGrip 2023.3.4\bin;
USERNAME=egore
OS=Windows_NT
PROCESSOR_IDENTIFIER=AMD64 Family 25 Model 80 Stepping 0, AuthenticAMD
TMP=C:\Users\egore\AppData\Local\Temp
TEMP=C:\Users\egore\AppData\Local\Temp




Periodic native trim disabled

---------------  S Y S T E M  ---------------

OS:
 Windows 11 , 64 bit Build 22621 (10.0.22621.3235)
OS uptime: 0 days 12:36 hours

CPU: total 16 (initial active 16) (16 cores per cpu, 2 threads per core) family 25 model 80 stepping 0 microcode 0x0, cx8, cmov, fxsr, ht, mmx, 3dnowpref, sse, sse2, sse3, ssse3, sse4a, sse4.1, sse4.2, popcnt, lzcnt, tsc, tscinvbit, avx, avx2, aes, erms, clmul, bmi1, bmi2, adx, sha, fma, vzeroupper, clflush, clflushopt, rdtscp, rdpid, fsrm, f16c, pku, cet_ss
Processor Information for processor 0
  Max Mhz: 3201, Current Mhz: 3201, Mhz Limit: 3201
Processor Information for processor 1
  Max Mhz: 3201, Current Mhz: 1990, Mhz Limit: 3201
Processor Information for processor 2
  Max Mhz: 3201, Current Mhz: 3201, Mhz Limit: 3201
Processor Information for processor 3
  Max Mhz: 3201, Current Mhz: 1990, Mhz Limit: 3201
Processor Information for processor 4
  Max Mhz: 3201, Current Mhz: 3201, Mhz Limit: 3201
Processor Information for processor 5
  Max Mhz: 3201, Current Mhz: 1990, Mhz Limit: 3201
Processor Information for processor 6
  Max Mhz: 3201, Current Mhz: 1990, Mhz Limit: 3201
Processor Information for processor 7
  Max Mhz: 3201, Current Mhz: 3201, Mhz Limit: 3201
Processor Information for processor 8
  Max Mhz: 3201, Current Mhz: 1990, Mhz Limit: 3201
Processor Information for processor 9
  Max Mhz: 3201, Current Mhz: 1990, Mhz Limit: 3201
Processor Information for processor 10
  Max Mhz: 3201, Current Mhz: 3201, Mhz Limit: 3201
Processor Information for processor 11
  Max Mhz: 3201, Current Mhz: 1990, Mhz Limit: 3201
Processor Information for processor 12
  Max Mhz: 3201, Current Mhz: 1990, Mhz Limit: 3201
Processor Information for processor 13
  Max Mhz: 3201, Current Mhz: 1990, Mhz Limit: 3201
Processor Information for processor 14
  Max Mhz: 3201, Current Mhz: 3201, Mhz Limit: 3201
Processor Information for processor 15
  Max Mhz: 3201, Current Mhz: 1990, Mhz Limit: 3201

Memory: 4k page, system-wide physical 15724M (2179M free)
TotalPageFile size 15724M (AvailPageFile size 4M)
current process WorkingSet (physical memory assigned to process): 35M, peak: 35M
current process commit charge ("private bytes"): 334M, peak: 335M

vm_info: OpenJDK 64-Bit Server VM (21.0.1+12-29) for windows-amd64 JRE (21.0.1+12-29), built on 2023-10-05T13:27:09Z by "mach5one" with MS VC++ 17.1 (VS2022)

END.
